This is XeTeX, Version 3.14159265-2.6-0.99996 (TeX Live 2016) (preloaded format=xelatex 2017.6.1)  2 MAR 2018 21:42
entering extended mode
 restricted \write18 enabled.
 file:line:error style messages enabled.
 %&-line parsing enabled.
**LabReport.tex
(./LabReport.tex
LaTeX2e <2016/03/31>
Babel <3.9r> and hyphenation patterns for 83 language(s) loaded.
(/usr/local/texlive/2016/texmf-dist/tex/latex/base/report.cls
Document Class: report 2014/09/29 v1.4h Standard LaTeX document class
(/usr/local/texlive/2016/texmf-dist/tex/latex/base/size12.clo
File: size12.clo 2014/09/29 v1.4h Standard LaTeX file (size option)
)
\c@part=\count79
\c@chapter=\count80
\c@section=\count81
\c@subsection=\count82
\c@subsubsection=\count83
\c@paragraph=\count84
\c@subparagraph=\count85
\c@figure=\count86
\c@table=\count87
\abovecaptionskip=\skip41
\belowcaptionskip=\skip42
\bibindent=\dimen102
)
(/usr/local/texlive/2016/texmf-dist/tex/latex/outline/outline.sty
Package: outline 2002/08/23 Simple Outline Package
\c@@outlndepth=\count88
\@outlndepth=\count89
\c@outlni=\count90
\c@outlnii=\count91
\c@outlniii=\count92
\c@outlniv=\count93
\c@outlnv=\count94
\c@outlnvi=\count95
)
(/usr/local/texlive/2016/texmf-dist/tex/latex/pmgraph/pmgraph.sty
\@dimenA=\dimen103
\@dimenB=\dimen104
\@dimenC=\dimen105
\@dimenD=\dimen106
)
(/usr/local/texlive/2016/texmf-dist/tex/generic/ulem/ulem.sty
\UL@box=\box26
\UL@hyphenbox=\box27
\UL@skip=\skip43
\UL@hook=\toks14
\UL@height=\dimen107
\UL@pe=\count96
\UL@pixel=\dimen108
\ULC@box=\box28
Package: ulem 2012/05/18
\ULdepth=\dimen109
)
(/usr/local/texlive/2016/texmf-dist/tex/latex/graphics/graphicx.sty
Package: graphicx 2014/10/28 v1.0g Enhanced LaTeX Graphics (DPC,SPQR)

(/usr/local/texlive/2016/texmf-dist/tex/latex/graphics/keyval.sty
Package: keyval 2014/10/28 v1.15 key=value parser (DPC)
\KV@toks@=\toks15
)
(/usr/local/texlive/2016/texmf-dist/tex/latex/graphics/graphics.sty
Package: graphics 2016/05/09 v1.0r Standard LaTeX Graphics (DPC,SPQR)

(/usr/local/texlive/2016/texmf-dist/tex/latex/graphics/trig.sty
Package: trig 2016/01/03 v1.10 sin cos tan (DPC)
)
(/usr/local/texlive/2016/texmf-dist/tex/latex/graphics-cfg/graphics.cfg
File: graphics.cfg 2016/01/02 v1.10 sample graphics configuration
)
Package graphics Info: Driver file: xetex.def on input line 96.

(/usr/local/texlive/2016/texmf-dist/tex/xelatex/xetex-def/xetex.def
File: xetex.def 2016/04/06 v4.08 LaTeX color/graphics driver for XeTeX (TeX Liv
e/RRM/JK)

(/usr/local/texlive/2016/texmf-dist/tex/generic/oberdiek/infwarerr.sty
Package: infwarerr 2016/05/16 v1.4 Providing info/warning/error messages (HO)
)
(/usr/local/texlive/2016/texmf-dist/tex/generic/oberdiek/ltxcmds.sty
Package: ltxcmds 2016/05/16 v1.23 LaTeX kernel commands for general use (HO)
)))
\Gin@req@height=\dimen110
\Gin@req@width=\dimen111
)
(/usr/local/texlive/2016/texmf-dist/tex/latex/tools/verbatim.sty
Package: verbatim 2014/10/28 v1.5q LaTeX2e package for verbatim enhancements
\every@verbatim=\toks16
\verbatim@line=\toks17
\verbatim@in@stream=\read1
)
(/usr/local/texlive/2016/texmf-dist/tex/latex/amsmath/amsmath.sty
Package: amsmath 2016/03/10 v2.15b AMS math features
\@mathmargin=\skip44

For additional information on amsmath, use the `?' option.
(/usr/local/texlive/2016/texmf-dist/tex/latex/amsmath/amstext.sty
Package: amstext 2000/06/29 v2.01 AMS text

(/usr/local/texlive/2016/texmf-dist/tex/latex/amsmath/amsgen.sty
File: amsgen.sty 1999/11/30 v2.0 generic functions
\@emptytoks=\toks18
\ex@=\dimen112
))
(/usr/local/texlive/2016/texmf-dist/tex/latex/amsmath/amsbsy.sty
Package: amsbsy 1999/11/29 v1.2d Bold Symbols
\pmbraise@=\dimen113
)
(/usr/local/texlive/2016/texmf-dist/tex/latex/amsmath/amsopn.sty
Package: amsopn 2016/03/08 v2.02 operator names
)
\inf@bad=\count97
LaTeX Info: Redefining \frac on input line 199.
\uproot@=\count98
\leftroot@=\count99
LaTeX Info: Redefining \overline on input line 297.
\classnum@=\count100
\DOTSCASE@=\count101
LaTeX Info: Redefining \ldots on input line 394.
LaTeX Info: Redefining \dots on input line 397.
LaTeX Info: Redefining \cdots on input line 518.
\Mathstrutbox@=\box29
\strutbox@=\box30
\big@size=\dimen114
LaTeX Font Info:    Redeclaring font encoding OML on input line 634.
LaTeX Font Info:    Redeclaring font encoding OMS on input line 635.
\macc@depth=\count102
\c@MaxMatrixCols=\count103
\dotsspace@=\muskip10
\c@parentequation=\count104
\dspbrk@lvl=\count105
\tag@help=\toks19
\row@=\count106
\column@=\count107
\maxfields@=\count108
\andhelp@=\toks20
\eqnshift@=\dimen115
\alignsep@=\dimen116
\tagshift@=\dimen117
\tagwidth@=\dimen118
\totwidth@=\dimen119
\lineht@=\dimen120
\@envbody=\toks21
\multlinegap=\skip45
\multlinetaggap=\skip46
\mathdisplay@stack=\toks22
LaTeX Info: Redefining \[ on input line 2739.
LaTeX Info: Redefining \] on input line 2740.
)
(/usr/local/texlive/2016/texmf-dist/tex/latex/subfigure/subfigure.sty
Package: subfigure 2002/03/15 v2.1.5 subfigure package
\subfigtopskip=\skip47
\subfigcapskip=\skip48
\subfigcaptopadj=\dimen121
\subfigbottomskip=\skip49
\subfigcapmargin=\dimen122
\subfiglabelskip=\skip50
\c@subfigure=\count109
\c@lofdepth=\count110
\c@subtable=\count111
\c@lotdepth=\count112

****************************************
* Local config file subfigure.cfg used *
****************************************
(/usr/local/texlive/2016/texmf-dist/tex/latex/subfigure/subfigure.cfg)
\subfig@top=\skip51
\subfig@bottom=\skip52
)
(/usr/local/texlive/2016/texmf-dist/tex/latex/tools/indentfirst.sty
Package: indentfirst 1995/11/23 v1.03 Indent first paragraph (DPC)
)
(/usr/local/texlive/2016/texmf-dist/tex/latex/float/float.sty
Package: float 2001/11/08 v1.3d Float enhancements (AL)
\c@float@type=\count113
\float@exts=\toks23
\float@box=\box31
\@float@everytoks=\toks24
\@floatcapt=\box32
) (./LabReport.aux

LaTeX Warning: Label `fig:subfig:a' multiply defined.


LaTeX Warning: Label `sub@fig:subfig:a' multiply defined.


LaTeX Warning: Label `fig:subfig:b' multiply defined.


LaTeX Warning: Label `sub@fig:subfig:b' multiply defined.


LaTeX Warning: Label `fig:short' multiply defined.


LaTeX Warning: Label `fig:subfig:a' multiply defined.


LaTeX Warning: Label `sub@fig:subfig:a' multiply defined.


LaTeX Warning: Label `fig:subfig:b' multiply defined.


LaTeX Warning: Label `sub@fig:subfig:b' multiply defined.


LaTeX Warning: Label `fig:short' multiply defined.


LaTeX Warning: Label `fig:subfig:a' multiply defined.


LaTeX Warning: Label `sub@fig:subfig:a' multiply defined.


LaTeX Warning: Label `fig:subfig:b' multiply defined.


LaTeX Warning: Label `sub@fig:subfig:b' multiply defined.


LaTeX Warning: Label `fig:short' multiply defined.


LaTeX Warning: Label `fig:subfig:a' multiply defined.


LaTeX Warning: Label `sub@fig:subfig:a' multiply defined.


LaTeX Warning: Label `fig:subfig:b' multiply defined.


LaTeX Warning: Label `sub@fig:subfig:b' multiply defined.


LaTeX Warning: Label `fig:short' multiply defined.


LaTeX Warning: Label `fig:subfig:a' multiply defined.


LaTeX Warning: Label `sub@fig:subfig:a' multiply defined.


LaTeX Warning: Label `fig:subfig:b' multiply defined.


LaTeX Warning: Label `sub@fig:subfig:b' multiply defined.


LaTeX Warning: Label `fig:short' multiply defined.


LaTeX Warning: Label `fig:subfig:a' multiply defined.


LaTeX Warning: Label `sub@fig:subfig:a' multiply defined.


LaTeX Warning: Label `fig:subfig:b' multiply defined.


LaTeX Warning: Label `sub@fig:subfig:b' multiply defined.


LaTeX Warning: Label `fig:subfig:c' multiply defined.


LaTeX Warning: Label `sub@fig:subfig:c' multiply defined.


LaTeX Warning: Label `fig:subfig:d' multiply defined.


LaTeX Warning: Label `sub@fig:subfig:d' multiply defined.


LaTeX Warning: Label `fig:short' multiply defined.


LaTeX Warning: Label `fig:subfig:a' multiply defined.


LaTeX Warning: Label `sub@fig:subfig:a' multiply defined.


LaTeX Warning: Label `fig:subfig:b' multiply defined.


LaTeX Warning: Label `sub@fig:subfig:b' multiply defined.


LaTeX Warning: Label `fig:short' multiply defined.


LaTeX Warning: Label `fig:subfig:a' multiply defined.


LaTeX Warning: Label `sub@fig:subfig:a' multiply defined.


LaTeX Warning: Label `fig:subfig:b' multiply defined.


LaTeX Warning: Label `sub@fig:subfig:b' multiply defined.


LaTeX Warning: Label `fig:short' multiply defined.


LaTeX Warning: Label `fig:subfig:a' multiply defined.


LaTeX Warning: Label `sub@fig:subfig:a' multiply defined.


LaTeX Warning: Label `fig:subfig:b' multiply defined.


LaTeX Warning: Label `sub@fig:subfig:b' multiply defined.


LaTeX Warning: Label `fig:short' multiply defined.


LaTeX Warning: Label `fig:subfig:a' multiply defined.


LaTeX Warning: Label `sub@fig:subfig:a' multiply defined.


LaTeX Warning: Label `fig:subfig:b' multiply defined.


LaTeX Warning: Label `sub@fig:subfig:b' multiply defined.


LaTeX Warning: Label `fig:short' multiply defined.


LaTeX Warning: Label `fig:short' multiply defined.

)
\openout1 = `LabReport.aux'.

LaTeX Font Info:    Checking defaults for OML/cmm/m/it on input line 35.
LaTeX Font Info:    ... okay on input line 35.
LaTeX Font Info:    Checking defaults for T1/cmr/m/n on input line 35.
LaTeX Font Info:    ... okay on input line 35.
LaTeX Font Info:    Checking defaults for OT1/cmr/m/n on input line 35.
LaTeX Font Info:    ... okay on input line 35.
LaTeX Font Info:    Checking defaults for OMS/cmsy/m/n on input line 35.
LaTeX Font Info:    ... okay on input line 35.
LaTeX Font Info:    Checking defaults for OMX/cmex/m/n on input line 35.
LaTeX Font Info:    ... okay on input line 35.
LaTeX Font Info:    Checking defaults for U/cmr/m/n on input line 35.
LaTeX Font Info:    ... okay on input line 35.
File: RI_Logo.png Graphic file (type QTm)
 <use  "RI_Logo.png" > [1

]
Underfull \hbox (badness 10000) in paragraph at lines 42--45

 []


Underfull \hbox (badness 10000) in paragraph at lines 46--48

 []

File: task0_loss_30k.png Graphic file (type QTm)
<use  "task0_loss_30k.png" >
File: task0_acc_30k.png Graphic file (type QTm)
 <use  "task0_acc_30k.png" >
Underfull \hbox (badness 10000) in paragraph at lines 65--66

 []


Underfull \hbox (badness 10000) in paragraph at lines 67--69

 []

File: task1_loss.png Graphic file (type QTm)
<use  "task1_loss.png" >
File: task1_mAP_plot.jpg Graphic file (type QTm)
 <use  "task1_mAP_plot.jpg" >

LaTeX Warning: `!h' float specifier changed to `!ht'.


Underfull \hbox (badness 10000) in paragraph at lines 85--86

 []


Underfull \hbox (badness 10000) in paragraph at lines 87--89

 []

[1]
Underfull \hbox (badness 10000) in paragraph at lines 90--92

 []

File: task2_loss.png Graphic file (type QTm)
<use  "task2_loss.png" >
File: task2_mAP_plot.jpg Graphic file (type QTm)
 <use  "task2_mAP_plot.jpg" >
Underfull \hbox (badness 10000) in paragraph at lines 107--108

 []

[2]
Underfull \hbox (badness 10000) in paragraph at lines 109--110

 []


Underfull \hbox (badness 10000) in paragraph at lines 111--112

 []


Underfull \hbox (badness 10000) in paragraph at lines 113--114

 []

File: task3_loss_2.png Graphic file (type QTm)
<use  "task3_loss_2.png" >
File: task3_vgg16_mAP_plot.jpg Graphic file (type QTm)
 <use  "task3_vgg16_mAP_plot.jpg" >
Underfull \hbox (badness 10000) in paragraph at lines 131--132

 []

File: task3_loss_2.png Graphic file (type QTm)
<use  "task3_loss_2.png" >
File: task3_lr_2.png Graphic file (type QTm)
 <use  "task3_lr_2.png" >
File: task3_histogram_2.png Graphic file (type QTm)

<use  "task3_histogram_2.png" >
File: task3_image_2.png Graphic file (type QTm)
 <use  "task3_image_2.png" >
File: task3_graph_2.png Graphic file (type QTm)

<use  "task3_graph_2.png" >

LaTeX Warning: Float too large for page by 28.99406pt on input line 155.

[3]

LaTeX Warning: `!h' float specifier changed to `!ht'.


Underfull \hbox (badness 10000) in paragraph at lines 157--158

 []


Underfull \hbox (badness 10000) in paragraph at lines 159--160

 []


Underfull \hbox (badness 10000) in paragraph at lines 161--162

 []


Underfull \hbox (badness 10000) in paragraph at lines 163--164

 []

File: task4_loss.png Graphic file (type QTm)
<use  "task4_loss.png" >
File: task4_mAP_plot.jpg Graphic file (type QTm)
 <use  "task4_mAP_plot.jpg" >

LaTeX Warning: `!h' float specifier changed to `!ht'.


Underfull \hbox (badness 10000) in paragraph at lines 179--180

 []


Underfull \hbox (badness 10000) in paragraph at lines 181--182

 []


Underfull \hbox (badness 10000) in paragraph at lines 183--184

 []

File: task5_alexnet_conv1_filters_2.jpg Graphic file (type QTm)
<use  "task5_alexnet_conv1_filters_2.jpg" >
File: task5_alexnet_conv1_filters_4000.jpg Graphic file (type QTm)

<use  "task5_alexnet_conv1_filters_4000.jpg" >
File: task5_alexnet_conv1_filters_28000.jpg Graphic file (type QTm)

<use  "task5_alexnet_conv1_filters_28000.jpg" >
File: task5_alexnet_conv1_filters_40000.jpg Graphic file (type QTm)

<use  "task5_alexnet_conv1_filters_40000.jpg" >

LaTeX Warning: `!h' float specifier changed to `!ht'.


Underfull \hbox (badness 10000) in paragraph at lines 206--207

 []


Underfull \hbox (badness 10000) in paragraph at lines 212--213

 []

[4]
File: task5_kNN_alexnet_pool5.jpg Graphic file (type QTm)
 <use  "task5_kNN_alexnet_pool5.jpg" >
File: task5_kNN_alexnet_fc7.jpg Graphic file (type QTm)
 <use  "task5_kNN_alexnet_fc7.jpg" >
Overfull \hbox (40.05164pt too wide) in paragraph at lines 218--223
 [][] 
 []


Overfull \hbox (40.05164pt too wide) in paragraph at lines 218--223
 [] 
 []


LaTeX Warning: `!h' float specifier changed to `!ht'.

File: task5_kNN_vgg16_pool5.jpg Graphic file (type QTm)
<use  "task5_kNN_vgg16_pool5.jpg" >
File: task5_kNN_vgg16_fc7.jpg Graphic file (type QTm)
 <use  "task5_kNN_vgg16_fc7.jpg" >
Overfull \hbox (40.05164pt too wide) in paragraph at lines 232--237
 [][] 
 []


Overfull \hbox (40.05164pt too wide) in paragraph at lines 232--237
 [] 
 []


LaTeX Warning: `!h' float specifier changed to `!ht'.


Underfull \hbox (badness 10000) in paragraph at lines 242--243

 []


Underfull \hbox (badness 10000) in paragraph at lines 246--247

 []

File: task5_tSNE_alexnet_fc7_50.jpg Graphic file (type QTm)
<use  "task5_tSNE_alexnet_fc7_50.jpg" >
File: task5_tSNE_vgg16_fc7_50.jpg Graphic file (type QTm)
 <use  "task5_tSNE_vgg16_fc7_50.jpg" >

LaTeX Warning: Float too large for page by 115.63145pt on input line 260.


LaTeX Warning: `!h' float specifier changed to `!ht'.


Underfull \hbox (badness 10000) in paragraph at lines 262--263

 []


Underfull \hbox (badness 10000) in paragraph at lines 264--266

 []


Underfull \hbox (badness 10000) in paragraph at lines 294--295

 []


Underfull \hbox (badness 10000) in paragraph at lines 296--298

 []

[5]
File: task6_mixup_alexnet_loss.png Graphic file (type QTm)
 <use  "task6_mixup_alexnet_loss.png" >
File: task6_mAP_plot_alexnet.jpg Graphic file (type QTm)

<use  "task6_mAP_plot_alexnet.jpg" >

LaTeX Warning: `!h' float specifier changed to `!ht'.

File: task6_mAP_plot_vgg16_mixup.jpg Graphic file (type QTm)
<use  "task6_mAP_plot_vgg16_mixup.jpg" >

LaTeX Warning: `!h' float specifier changed to `!ht'.

[6] [7] [8] [9] [10] [11] [12] (./LabReport.aux)

LaTeX Warning: There were multiply-defined labels.

 ) 
Here is how much of TeX's memory you used:
 2170 strings out of 493591
 27239 string characters out of 6143547
 99789 words of memory out of 5000000
 5550 multiletter control sequences out of 15000+600000
 9740 words of font info for 36 fonts, out of 8000000 for 9000
 1347 hyphenation exceptions out of 8191
 27i,7n,24p,696b,334s stack positions out of 5000i,500n,10000p,200000b,80000s

Output written on LabReport.pdf (13 pages).
